<?xml version="1.0" encoding="UTF-8"?>
<testng-results ignored="0" total="3" passed="3" failed="0" skipped="0">
  <reporter-output>
  </reporter-output>
  <suite started-at="2022-09-27T14:36:05 IST" name="Default suite" finished-at="2022-09-27T14:36:22 IST" duration-ms="16931">
    <groups>
    </groups>
    <test started-at="2022-09-27T14:36:05 IST" name="Default test" finished-at="2022-09-27T14:36:22 IST" duration-ms="16931">
      <class name="fratello.edge.Test2">
        <test-method is-config="true" signature="open_edgeDriver()[pri:0, instance:fratello.edge.Test2@550dbc7a]" started-at="2022-09-27T14:36:05 IST" name="open_edgeDriver" finished-at="2022-09-27T14:36:11 IST" duration-ms="6100" status="PASS">
          <reporter-output>
          </reporter-output>
        </test-method> <!-- open_edgeDriver -->
        <test-method signature="open_abhibus()[pri:0, instance:fratello.edge.Test2@550dbc7a]" started-at="2022-09-27T14:36:11 IST" name="open_abhibus" finished-at="2022-09-27T14:36:14 IST" duration-ms="3063" status="PASS">
          <reporter-output>
          </reporter-output>
        </test-method> <!-- open_abhibus -->
        <test-method signature="open_swiggy()[pri:0, instance:fratello.edge.Test2@550dbc7a]" started-at="2022-09-27T14:36:14 IST" name="open_swiggy" finished-at="2022-09-27T14:36:16 IST" duration-ms="1547" status="PASS">
          <reporter-output>
          </reporter-output>
        </test-method> <!-- open_swiggy -->
        <test-method signature="open_zomato()[pri:0, instance:fratello.edge.Test2@550dbc7a]" started-at="2022-09-27T14:36:16 IST" name="open_zomato" finished-at="2022-09-27T14:36:18 IST" duration-ms="2886" status="PASS">
          <reporter-output>
          </reporter-output>
        </test-method> <!-- open_zomato -->
        <test-method is-config="true" signature="close_browser()[pri:0, instance:fratello.edge.Test2@550dbc7a]" started-at="2022-09-27T14:36:18 IST" name="close_browser" finished-at="2022-09-27T14:36:22 IST" duration-ms="3267" status="PASS">
          <reporter-output>
          </reporter-output>
        </test-method> <!-- close_browser -->
      </class> <!-- fratello.edge.Test2 -->
    </test> <!-- Default test -->
  </suite> <!-- Default suite -->
</testng-results>
