<?xml version="1.0" encoding="UTF-8"?>
<!-- Generated by org.testng.reporters.JUnitXMLReporter -->
<testsuite ignored="0" hostname="LAPTOP-NMLV2O94" failures="0" tests="3" name="Default test" time="16.931" errors="0" timestamp="2022-09-27T14:36:22 IST">
  <testcase classname="fratello.edge.Test2" name="open_abhibus" time="3.063"/>
  <testcase classname="fratello.edge.Test2" name="open_swiggy" time="1.547"/>
  <testcase classname="fratello.edge.Test2" name="open_zomato" time="2.886"/>
</testsuite> <!-- Default test -->
